<?xml version="1.0" encoding="UTF-8"?>
<!-- Generated by org.testng.reporters.JUnitReportReporter -->
<testsuite hostname="swapna-PC" name="Sprint1_ABFunctionality.S2657_CreateAccountFunctionality_Test" tests="1" failures="0" timestamp="1 Mar 2019 09:33:38 GMT" time="51.873" errors="0">
  <testcase name="testCase1" time="51.873" classname="Sprint1_ABFunctionality.S2657_CreateAccountFunctionality_Test"/>
</testsuite> <!-- Sprint1_ABFunctionality.S2657_CreateAccountFunctionality_Test -->
