<?xml version="1.0" encoding="UTF-8"?>
<!-- Generated by org.testng.reporters.JUnitReportReporter -->
<testsuite hostname="swapna-PC" name="Sprint1_ABFunctionality.S234_Edit_Account_Functionality" tests="2" failures="0" timestamp="22 Feb 2019 07:23:18 GMT" time="41.481" errors="0">
  <testcase name="EditAccount_Test" time="37.434" classname="Sprint1_ABFunctionality.S234_Edit_Account_Functionality"/>
  <testcase name="CheckfordisplayofWarningMessages" time="4.047" classname="Sprint1_ABFunctionality.S234_Edit_Account_Functionality"/>
</testsuite> <!-- Sprint1_ABFunctionality.S234_Edit_Account_Functionality -->
